2021/02/25 08:41:37 INFO  - jmeter.util.JMeterUtils: Setting Locale to en 
2021/02/25 08:41:37 INFO  - jmeter.JMeter: Loading user properties from: /usr/share/jmeter/bin/user.properties 
2021/02/25 08:41:37 INFO  - jmeter.JMeter: Loading system properties from: /usr/share/jmeter/bin/system.properties 
2021/02/25 08:41:37 INFO  - jmeter.JMeter: Copyright (c) 1998-2015 The Apache Software Foundation 
2021/02/25 08:41:37 INFO  - jmeter.JMeter: Version 2.13.20170723 
2021/02/25 08:41:37 INFO  - jmeter.JMeter: java.version=11.0.10 
2021/02/25 08:41:37 INFO  - jmeter.JMeter: java.vm.name=OpenJDK 64-Bit Server VM 
2021/02/25 08:41:37 INFO  - jmeter.JMeter: os.name=Linux 
2021/02/25 08:41:37 INFO  - jmeter.JMeter: os.arch=amd64 
2021/02/25 08:41:37 INFO  - jmeter.JMeter: os.version=5.4.0-1040-azure 
2021/02/25 08:41:37 INFO  - jmeter.JMeter: file.encoding=UTF-8 
2021/02/25 08:41:37 INFO  - jmeter.JMeter: Default Locale=English 
2021/02/25 08:41:37 INFO  - jmeter.JMeter: JMeter  Locale=English 
2021/02/25 08:41:37 INFO  - jmeter.JMeter: JMeterHome=/usr/share/jmeter 
2021/02/25 08:41:37 INFO  - jmeter.JMeter: user.dir  =/home/AzureUser/JmeterScripts 
2021/02/25 08:41:37 INFO  - jmeter.JMeter: PWD       =/home/AzureUser/JmeterScripts 
2021/02/25 08:41:37 INFO  - jmeter.JMeter: IP: 172.16.0.5 Name: Machine1 FullName: machine1.internal.cloudapp.net 
2021/02/25 08:41:37 INFO  - jmeter.services.FileServer: Default base='/home/AzureUser/JmeterScripts' 
2021/02/25 08:41:37 INFO  - jmeter.services.FileServer: Set new base='/home/AzureUser/JmeterScripts' 
2021/02/25 08:41:37 INFO  - jmeter.save.SaveService: Testplan (JMX) version: 2.2. Testlog (JTL) version: 2.2 
2021/02/25 08:41:37 INFO  - jmeter.save.SaveService: Using SaveService properties version 2.8 
2021/02/25 08:41:37 INFO  - jmeter.save.SaveService: Using SaveService properties file version 1656252 
2021/02/25 08:41:37 INFO  - jmeter.save.SaveService: Using SaveService properties file encoding UTF-8 
2021/02/25 08:41:38 INFO  - jmeter.save.SaveService: All converter versions present and correct 
2021/02/25 08:41:38 INFO  - jmeter.save.SaveService: Loading file: /home/AzureUser/JmeterScripts/FlighBooking12.jmx 
2021/02/25 08:41:38 INFO  - jmeter.protocol.http.control.CookieManager: Settings: Delete null: true Check: true Allow variable: true Save: false Prefix: COOKIE_ 
2021/02/25 08:41:38 INFO  - jmeter.protocol.http.sampler.HTTPSamplerBase: Cannot find .className property for htmlParser, using default 
2021/02/25 08:41:38 INFO  - jmeter.protocol.http.sampler.HTTPSamplerBase: Parser for text/html is  
2021/02/25 08:41:38 INFO  - jmeter.protocol.http.sampler.HTTPSamplerBase: Parser for application/xhtml+xml is  
2021/02/25 08:41:38 INFO  - jmeter.protocol.http.sampler.HTTPSamplerBase: Parser for application/xml is  
2021/02/25 08:41:38 INFO  - jmeter.protocol.http.sampler.HTTPSamplerBase: Parser for text/xml is  
2021/02/25 08:41:38 INFO  - jmeter.protocol.http.sampler.HTTPSamplerBase: Parser for text/vnd.wap.wml is org.apache.jmeter.protocol.http.parser.RegexpHTMLParser 
2021/02/25 08:41:38 ERROR - jmeter.JMeter: Error in NonGUIDriver java.lang.IllegalArgumentException: Problem loading XML from:'/home/AzureUser/JmeterScripts/FlighBooking12.jmx', conversion error com.thoughtworks.xstream.converters.ConversionException: 
---- Debugging information ----
cause-exception     : com.thoughtworks.xstream.converters.ConversionException
cause-message       : 
first-jmeter-class  : org.apache.jmeter.save.converters.TestElementConverter.unmarshal(TestElementConverter.java:109)
class               : org.apache.jmeter.save.ScriptWrapper
required-type       : org.apache.jmeter.save.ScriptWrapper
converter-type      : org.apache.jmeter.save.ScriptWrapperConverter
path                : /jmeterTestPlan/hashTree/hashTree/ResultCollector/objProp/value/sentBytes
line number         : 593
version             : 2.13.20170723
-------------------------------
	at org.apache.jmeter.save.SaveService.readTree(SaveService.java:586)
	at org.apache.jmeter.save.SaveService.loadTree(SaveService.java:537)
	at org.apache.jmeter.JMeter.runNonGui(JMeter.java:751)
	at org.apache.jmeter.JMeter.startNonGui(JMeter.java:738)
	at org.apache.jmeter.JMeter.start(JMeter.java:397)
	at java.base/jdk.internal.reflect.NativeMethodAccessorImpl.invoke0(Native Method)
	at java.base/jdk.internal.reflect.NativeMethodAccessorImpl.invoke(NativeMethodAccessorImpl.java:62)
	at java.base/jdk.internal.reflect.DelegatingMethodAccessorImpl.invoke(DelegatingMethodAccessorImpl.java:43)
	at java.base/java.lang.reflect.Method.invoke(Method.java:566)
	at org.apache.jmeter.NewDriver.main(NewDriver.java:264)
Caused by: com.thoughtworks.xstream.converters.ConversionException: 
---- Debugging information ----
cause-exception     : com.thoughtworks.xstream.converters.ConversionException
cause-message       : 
first-jmeter-class  : org.apache.jmeter.save.converters.TestElementConverter.unmarshal(TestElementConverter.java:109)
class               : org.apache.jmeter.save.ScriptWrapper
required-type       : org.apache.jmeter.save.ScriptWrapper
converter-type      : org.apache.jmeter.save.ScriptWrapperConverter
path                : /jmeterTestPlan/hashTree/hashTree/ResultCollector/objProp/value/sentBytes
line number         : 593
version             : 2.13.20170723
-------------------------------
	at org.apache.jmeter.save.ScriptWrapperConverter.createConversionException(ScriptWrapperConverter.java:105)
	at org.apache.jmeter.save.ScriptWrapperConverter.unmarshal(ScriptWrapperConverter.java:99)
	at com.thoughtworks.xstream.core.TreeUnmarshaller.convert(TreeUnmarshaller.java:72)
	at com.thoughtworks.xstream.core.AbstractReferenceUnmarshaller.convert(AbstractReferenceUnmarshaller.java:72)
	at com.thoughtworks.xstream.core.TreeUnmarshaller.convertAnother(TreeUnmarshaller.java:66)
	at com.thoughtworks.xstream.core.TreeUnmarshaller.convertAnother(TreeUnmarshaller.java:50)
	at com.thoughtworks.xstream.core.TreeUnmarshaller.start(TreeUnmarshaller.java:134)
	at com.thoughtworks.xstream.core.AbstractTreeMarshallingStrategy.unmarshal(AbstractTreeMarshallingStrategy.java:32)
	at com.thoughtworks.xstream.XStream.unmarshal(XStream.java:1502)
	at com.thoughtworks.xstream.XStream.unmarshal(XStream.java:1481)
	at com.thoughtworks.xstream.XStream.fromXML(XStream.java:1352)
	at org.apache.jmeter.save.SaveService.readTree(SaveService.java:559)
	... 9 more
Caused by: com.thoughtworks.xstream.converters.ConversionException: 
---- Debugging information ----
cause-exception     : com.thoughtworks.xstream.converters.reflection.MissingFieldException
cause-message       : Field not found in class.
class               : org.apache.jmeter.samplers.SampleSaveConfiguration
required-type       : org.apache.jmeter.samplers.SampleSaveConfiguration
converter-type      : org.apache.jmeter.save.converters.SampleSaveConfigurationConverter
path                : /jmeterTestPlan/hashTree/hashTree/ResultCollector/objProp/value/sentBytes
line number         : 593
class[1]            : org.apache.jmeter.testelement.property.ObjectProperty
required-type[1]    : org.apache.jmeter.testelement.property.ObjectProperty
converter-type[1]   : com.thoughtworks.xstream.converters.reflection.ReflectionConverter
class[2]            : org.apache.jmeter.reporters.ResultCollector
required-type[2]    : org.apache.jmeter.reporters.ResultCollector
converter-type[2]   : org.apache.jmeter.save.converters.TestElementConverter
class[3]            : org.apache.jorphan.collections.ListedHashTree
required-type[3]    : org.apache.jorphan.collections.ListedHashTree
converter-type[3]   : org.apache.jmeter.save.converters.HashTreeConverter
-------------------------------
	at com.thoughtworks.xstream.core.TreeUnmarshaller.convert(TreeUnmarshaller.java:77)
	at com.thoughtworks.xstream.core.AbstractReferenceUnmarshaller.convert(AbstractReferenceUnmarshaller.java:72)
	at com.thoughtworks.xstream.core.TreeUnmarshaller.convertAnother(TreeUnmarshaller.java:66)
	at com.thoughtworks.xstream.converters.reflection.AbstractReflectionConverter.unmarshallField(AbstractReflectionConverter.java:499)
	at com.thoughtworks.xstream.converters.reflection.AbstractReflectionConverter.doUnmarshal(AbstractReflectionConverter.java:425)
	at com.thoughtworks.xstream.converters.reflection.AbstractReflectionConverter.unmarshal(AbstractReflectionConverter.java:277)
	at com.thoughtworks.xstream.core.TreeUnmarshaller.convert(TreeUnmarshaller.java:72)
	at com.thoughtworks.xstream.core.AbstractReferenceUnmarshaller.convert(AbstractReferenceUnmarshaller.java:72)
	at com.thoughtworks.xstream.core.TreeUnmarshaller.convertAnother(TreeUnmarshaller.java:66)
	at com.thoughtworks.xstream.core.TreeUnmarshaller.convertAnother(TreeUnmarshaller.java:50)
	at com.thoughtworks.xstream.converters.collections.AbstractCollectionConverter.readBareItem(AbstractCollectionConverter.java:132)
	at com.thoughtworks.xstream.converters.collections.AbstractCollectionConverter.readItem(AbstractCollectionConverter.java:117)
	at org.apache.jmeter.save.converters.TestElementConverter.unmarshal(TestElementConverter.java:109)
	at com.thoughtworks.xstream.core.TreeUnmarshaller.convert(TreeUnmarshaller.java:72)
	at com.thoughtworks.xstream.core.AbstractReferenceUnmarshaller.convert(AbstractReferenceUnmarshaller.java:72)
	at com.thoughtworks.xstream.core.TreeUnmarshaller.convertAnother(TreeUnmarshaller.java:66)
	at com.thoughtworks.xstream.core.TreeUnmarshaller.convertAnother(TreeUnmarshaller.java:50)
	at com.thoughtworks.xstream.converters.collections.AbstractCollectionConverter.readBareItem(AbstractCollectionConverter.java:132)
	at com.thoughtworks.xstream.converters.collections.AbstractCollectionConverter.readItem(AbstractCollectionConverter.java:117)
	at org.apache.jmeter.save.converters.HashTreeConverter.unmarshal(HashTreeConverter.java:67)
	at com.thoughtworks.xstream.core.TreeUnmarshaller.convert(TreeUnmarshaller.java:72)
	at com.thoughtworks.xstream.core.AbstractReferenceUnmarshaller.convert(AbstractReferenceUnmarshaller.java:72)
	at com.thoughtworks.xstream.core.TreeUnmarshaller.convertAnother(TreeUnmarshaller.java:66)
	at com.thoughtworks.xstream.core.TreeUnmarshaller.convertAnother(TreeUnmarshaller.java:50)
	at com.thoughtworks.xstream.converters.collections.AbstractCollectionConverter.readBareItem(AbstractCollectionConverter.java:132)
	at com.thoughtworks.xstream.converters.collections.AbstractCollectionConverter.readItem(AbstractCollectionConverter.java:117)
	at org.apache.jmeter.save.converters.HashTreeConverter.unmarshal(HashTreeConverter.java:67)
	at com.thoughtworks.xstream.core.TreeUnmarshaller.convert(TreeUnmarshaller.java:72)
	at com.thoughtworks.xstream.core.AbstractReferenceUnmarshaller.convert(AbstractReferenceUnmarshaller.java:72)
	at com.thoughtworks.xstream.core.TreeUnmarshaller.convertAnother(TreeUnmarshaller.java:66)
	at com.thoughtworks.xstream.core.TreeUnmarshaller.convertAnother(TreeUnmarshaller.java:50)
	at org.apache.jmeter.save.ScriptWrapperConverter.unmarshal(ScriptWrapperConverter.java:95)
	... 19 more
Caused by: com.thoughtworks.xstream.converters.reflection.MissingFieldException: Field not found in class.
---- Debugging information ----
message             : Field not found in class.
field               : org.apache.jmeter.samplers.SampleSaveConfiguration.sentBytes
-------------------------------
	at com.thoughtworks.xstream.converters.reflection.FieldDictionary.field(FieldDictionary.java:97)
	at com.thoughtworks.xstream.converters.reflection.PureJavaReflectionProvider.getField(PureJavaReflectionProvider.java:183)
	at org.apache.jmeter.save.converters.SampleSaveConfigurationConverter.unmarshal(SampleSaveConfigurationConverter.java:164)
	at com.thoughtworks.xstream.core.TreeUnmarshaller.convert(TreeUnmarshaller.java:72)
	... 50 more

